<?xml version="1.0" encoding="UTF-8"?>
<testng-results ignored="0" total="1" passed="1" failed="0" skipped="0">
  <reporter-output>
    <line>
      <![CDATA[execute the testcases]]>
    </line>
  </reporter-output>
  <suite started-at="2023-06-05T22:24:11 IST" name="Suite" finished-at="2023-06-05T22:24:11 IST" duration-ms="100">
    <groups>
    </groups>
    <test started-at="2023-06-05T22:24:11 IST" name="Test" finished-at="2023-06-05T22:24:11 IST" duration-ms="100">
      <class name="testcases.Testcase1">
        <test-method signature="testcase1()[pri:0, instance:testcases.Testcase1@23c30a20]" started-at="2023-06-05T22:24:11 IST" name="testcase1" finished-at="2023-06-05T22:24:11 IST" duration-ms="19" status="PASS">
          <reporter-output>
            <line>
              <![CDATA[execute the testcases]]>
            </line>
          </reporter-output>
        </test-method> <!-- testcase1 -->
      </class> <!-- testcases.Testcase1 -->
    </test> <!-- Test -->
  </suite> <!-- Suite -->
</testng-results>
